<?xml version="1.0" encoding="UTF-8" ?>
<testsuites errors="0"
            failures="0"
            tests="0">

  <testsuite name="test-with-pageobjects"
    errors="0" failures="0" hostname="" id="" package="test-with-pageobjects" skipped="2"
    tests="0" time="0" timestamp="">
  

  
    <system-err>
      [0;31m  TimeoutError: stale element reference: element is not attached to the page document[0m
[0;90m       at process._tickCallback (internal/process/next_tick.js:68:7)[0m
[0;31m  TypeError: target[name] is not a function[0m
[0;90m       at Object.load user message page (C:\Users\zjy\Documents\Github\MeetHere\fronend2.0\tests\e2e\specs\test-user-message.js:8:15)
       at process._tickCallback (internal/process/next_tick.js:68:7)[0m
[0;31m  NoSuchElementError: An error occurred while running .getText() command on &lt;.el-form-item:nth-child(1) .el-form-item__error&gt;: undefined; undefined
   {&#34;sessionId&#34;:&#34;664e52a2661dbeecf4bd1afe8f0edbde&#34;,&#34;status&#34;:0,&#34;value&#34;:[]}[0m
[0;90m       at process._tickCallback (internal/process/next_tick.js:68:7)[0m
    </system-err>
  

  
    
    <testcase
      name="e2e tests using page objects" classname="test-with-pageobjects">
      <skipped />
    </testcase>
    
    <testcase
      name="verify if string &#34;e2e-nightwatch&#34; is within the cli plugin links" classname="test-with-pageobjects">
      <skipped />
    </testcase>
    
  
  </testsuite>
</testsuites>
